
--------------------------------------------------
TXLib предупреждает:

Программа: E:\Project\main.exe,

ВНЕЗАПНО: Нарушение доступа к памяти.

#1: Исключение EXCEPTION_ACCESS_VIOLATION (0xC0000005) при выполнении кода по адресу 0x76269618 в функции strchr(). Попытка прочесть данные по адресу 0x000001F4 в модуле C:\Windows\System32\msvcrt.dll. Спасибо _txVectoredExceptionHandler(), что сообщил. Люблю его <3

#1: TXLib [Ver: 00173a, Rev: 171, Date: 2022-07-23 02:08:28 +0400], Instance: 0x005052FC (32-bit), Flags: CMdRE0, Thread: 0x2EAC (Main), GetLastError(): 6 (Неверный дескриптор). 

--------------------------------------------------
Стек вызовов:

# 0 0x76269618 in C:\Windows\System32\msvcrt.dll: strchr()

# 1 0x0044B288 in E:\Project\main.exe: drawButton() at c:/codeblocks/codeblocks/mingw/include/c++/4.8.1/debug/functions.h (45):

     43:   // An arbitrary iterator pointer is not singular.
     44:   inline bool
=>   45:   __check_singular_aux(const void*) { return false; }
     46: 
     47:   // We may have an iterator that derives from _Safe_iterator_base but isn't

# 2 0x0042C25C in E:\Project\main.exe: main() at E:/Project/main.cpp (97):

     95:         for(int i=0; i<4; i++)
     96:         {
=>   97:          btn[i].drawButton();
     98:         }
     99: 

--------------------------------------------------
Стек вызовов TX:

# 0 in bool {anonymous}::TX::txDrawText(double, double, double, double, const char*, unsigned int, HDC) at c:\codeblocks\codeblocks\mingw\include\txlib.h (13403):

  13401: $   RECT r = { ROUND (x0), ROUND (y0), ROUND (x1), ROUND (y1) };
  13402: 
=>13403: $   if (!strchr (text, '\n')) format |= DT_SINGLELINE;
  13404: 
  13405: $   unsigned prev = txSetTextAlign (TA_LEFT | TA_TOP | TA_NOUPDATECP, dc);

# 1 in void Button::drawButton() at E:\Project\main.cpp (22):

     20:         txSetColor(TX_BLACK);
     21:         txSelectFont("Times New Roman", 24);
=>   22:         txDrawText (x, 30, x+140, 70, name);
     23:     }
     24: 

--------------------------------------------------
Developed with:

The Dumb Artist Library (TX Library)
TXLib [Ver: 00173a, Rev: 171, Date: 2022-07-23 02:08:28 +0400]
Copyright (C) Ded (Ilya Dedinsky, http://txlib.ru) <mail@txlib.ru>
See license on: http://txlib.ru

TXLib file:	c:\codeblocks\codeblocks\mingw\include\txlib.h
Compiled:	Sep 25 2023 19:25:46, GNU g++ 4.8.1, std=201103L, MinGW Runtime 3.20, 32-bit, DEBUG
Started:	Sep 25 2023 19:26:13

Run file:	E:\Project\main.exe
Directory:	E:\Project

--------------------------------------------------

--------------------------------------------------
TXLib соболезнует...

Программа: E:\Project\main.exe,

ВНЕЗАПНО: signal (11, 0x00): SIGSEGV: Доступ по неверному указателю. Ставьте ассерты! 

Нарушение доступа к памяти.

#1: Исключение EXCEPTION_ACCESS_VIOLATION (0xC0000005) при выполнении кода по адресу 0x76269618 в функции strchr(). Попытка прочесть данные по адресу 0x000001F4 в модуле C:\Windows\System32\msvcrt.dll. Спасибо _txVectoredExceptionHandler(), что сообщил. Люблю его <3

С помощью функции signal() вы можете сами обработать эту ошибку.

#2: TXLib [Ver: 00173a, Rev: 171, Date: 2022-07-23 02:08:28 +0400], Instance: 0x005052FC (32-bit), Flags: CMdRE0, Thread: 0x2EAC (Main), GetLastError(): 6 (Неверный дескриптор). 

--------------------------------------------------
Стек вызовов:

# 0 0x76269618 in C:\Windows\System32\msvcrt.dll: strchr()

# 1 0x0044B288 in E:\Project\main.exe: drawButton() at c:/codeblocks/codeblocks/mingw/include/c++/4.8.1/debug/functions.h (45):

     43:   // An arbitrary iterator pointer is not singular.
     44:   inline bool
=>   45:   __check_singular_aux(const void*) { return false; }
     46: 
     47:   // We may have an iterator that derives from _Safe_iterator_base but isn't

# 2 0x0042C25C in E:\Project\main.exe: main() at E:/Project/main.cpp (97):

     95:         for(int i=0; i<4; i++)
     96:         {
=>   97:          btn[i].drawButton();
     98:         }
     99: 

--------------------------------------------------
Стек вызовов TX:

# 0 in bool {anonymous}::TX::txDrawText(double, double, double, double, const char*, unsigned int, HDC) at c:\codeblocks\codeblocks\mingw\include\txlib.h (13403):

  13401: $   RECT r = { ROUND (x0), ROUND (y0), ROUND (x1), ROUND (y1) };
  13402: 
=>13403: $   if (!strchr (text, '\n')) format |= DT_SINGLELINE;
  13404: 
  13405: $   unsigned prev = txSetTextAlign (TA_LEFT | TA_TOP | TA_NOUPDATECP, dc);

# 1 in void Button::drawButton() at E:\Project\main.cpp (22):

     20:         txSetColor(TX_BLACK);
     21:         txSelectFont("Times New Roman", 24);
=>   22:         txDrawText (x, 30, x+140, 70, name);
     23:     }
     24: 

--------------------------------------------------
Developed with:

The Dumb Artist Library (TX Library)
TXLib [Ver: 00173a, Rev: 171, Date: 2022-07-23 02:08:28 +0400]
Copyright (C) Ded (Ilya Dedinsky, http://txlib.ru) <mail@txlib.ru>
See license on: http://txlib.ru

TXLib file:	c:\codeblocks\codeblocks\mingw\include\txlib.h
Compiled:	Sep 25 2023 19:25:46, GNU g++ 4.8.1, std=201103L, MinGW Runtime 3.20, 32-bit, DEBUG
Started:	Sep 25 2023 19:26:12

Run file:	E:\Project\main.exe
Directory:	E:\Project

--------------------------------------------------

--------------------------------------------------
TXLib предупреждает:

Программа: E:\Project\main.exe,

ВНЕЗАПНО: Нарушение доступа к памяти.

#1: Исключение EXCEPTION_ACCESS_VIOLATION (0xC0000005) при выполнении кода по адресу 0x76269618 в функции strchr(). Попытка прочесть данные по адресу 0x000001F4 в модуле C:\Windows\System32\msvcrt.dll. Спасибо _txVectoredExceptionHandler(), что сообщил. Люблю его <3

#1: TXLib [Ver: 00173a, Rev: 171, Date: 2022-07-23 02:08:28 +0400], Instance: 0x005052FC (32-bit), Flags: CMdRE0, Thread: 0x1DA8 (Main), GetLastError(): 6 (Неверный дескриптор). 

--------------------------------------------------
Стек вызовов:

# 0 0x76269618 in C:\Windows\System32\msvcrt.dll: strchr()

# 1 0x0044B288 in E:\Project\main.exe: drawButton() at c:/codeblocks/codeblocks/mingw/include/c++/4.8.1/debug/functions.h (45):

     43:   // An arbitrary iterator pointer is not singular.
     44:   inline bool
=>   45:   __check_singular_aux(const void*) { return false; }
     46: 
     47:   // We may have an iterator that derives from _Safe_iterator_base but isn't

# 2 0x0042C25C in E:\Project\main.exe: main() at E:/Project/main.cpp (97):

     95:         for(int i=0; i<4; i++)
     96:         {
=>   97:          btn[i].drawButton();
     98:         }
     99: 

--------------------------------------------------
Стек вызовов TX:

# 0 in bool {anonymous}::TX::txDrawText(double, double, double, double, const char*, unsigned int, HDC) at c:\codeblocks\codeblocks\mingw\include\txlib.h (13403):

  13401: $   RECT r = { ROUND (x0), ROUND (y0), ROUND (x1), ROUND (y1) };
  13402: 
=>13403: $   if (!strchr (text, '\n')) format |= DT_SINGLELINE;
  13404: 
  13405: $   unsigned prev = txSetTextAlign (TA_LEFT | TA_TOP | TA_NOUPDATECP, dc);

# 1 in void Button::drawButton() at E:\Project\main.cpp (22):

     20:         txSetColor(TX_BLACK);
     21:         txSelectFont("Times New Roman", 24);
=>   22:         txDrawText (x, 30, x+140, 70, name);
     23:     }
     24: 

--------------------------------------------------
Developed with:

The Dumb Artist Library (TX Library)
TXLib [Ver: 00173a, Rev: 171, Date: 2022-07-23 02:08:28 +0400]
Copyright (C) Ded (Ilya Dedinsky, http://txlib.ru) <mail@txlib.ru>
See license on: http://txlib.ru

TXLib file:	c:\codeblocks\codeblocks\mingw\include\txlib.h
Compiled:	Sep 25 2023 19:25:46, GNU g++ 4.8.1, std=201103L, MinGW Runtime 3.20, 32-bit, DEBUG
Started:	Sep 25 2023 19:27:12

Run file:	E:\Project\main.exe
Directory:	E:\Project

--------------------------------------------------

--------------------------------------------------
TXLib соболезнует...

Программа: E:\Project\main.exe,

ВНЕЗАПНО: signal (11, 0x00): SIGSEGV: Доступ по неверному указателю. Ставьте ассерты! 

Нарушение доступа к памяти.

#1: Исключение EXCEPTION_ACCESS_VIOLATION (0xC0000005) при выполнении кода по адресу 0x76269618 в функции strchr(). Попытка прочесть данные по адресу 0x000001F4 в модуле C:\Windows\System32\msvcrt.dll. Спасибо _txVectoredExceptionHandler(), что сообщил. Люблю его <3

С помощью функции signal() вы можете сами обработать эту ошибку.

#2: TXLib [Ver: 00173a, Rev: 171, Date: 2022-07-23 02:08:28 +0400], Instance: 0x005052FC (32-bit), Flags: CMdRE0, Thread: 0x1DA8 (Main), GetLastError(): 6 (Неверный дескриптор). 

--------------------------------------------------
Стек вызовов:

# 0 0x76269618 in C:\Windows\System32\msvcrt.dll: strchr()

# 1 0x0044B288 in E:\Project\main.exe: drawButton() at c:/codeblocks/codeblocks/mingw/include/c++/4.8.1/debug/functions.h (45):

     43:   // An arbitrary iterator pointer is not singular.
     44:   inline bool
=>   45:   __check_singular_aux(const void*) { return false; }
     46: 
     47:   // We may have an iterator that derives from _Safe_iterator_base but isn't

# 2 0x0042C25C in E:\Project\main.exe: main() at E:/Project/main.cpp (97):

     95:         for(int i=0; i<4; i++)
     96:         {
=>   97:          btn[i].drawButton();
     98:         }
     99: 

--------------------------------------------------
Стек вызовов TX:

# 0 in bool {anonymous}::TX::txDrawText(double, double, double, double, const char*, unsigned int, HDC) at c:\codeblocks\codeblocks\mingw\include\txlib.h (13403):

  13401: $   RECT r = { ROUND (x0), ROUND (y0), ROUND (x1), ROUND (y1) };
  13402: 
=>13403: $   if (!strchr (text, '\n')) format |= DT_SINGLELINE;
  13404: 
  13405: $   unsigned prev = txSetTextAlign (TA_LEFT | TA_TOP | TA_NOUPDATECP, dc);

# 1 in void Button::drawButton() at E:\Project\main.cpp (22):

     20:         txSetColor(TX_BLACK);
     21:         txSelectFont("Times New Roman", 24);
=>   22:         txDrawText (x, 30, x+140, 70, name);
     23:     }
     24: 

--------------------------------------------------
Developed with:

The Dumb Artist Library (TX Library)
TXLib [Ver: 00173a, Rev: 171, Date: 2022-07-23 02:08:28 +0400]
Copyright (C) Ded (Ilya Dedinsky, http://txlib.ru) <mail@txlib.ru>
See license on: http://txlib.ru

TXLib file:	c:\codeblocks\codeblocks\mingw\include\txlib.h
Compiled:	Sep 25 2023 19:25:46, GNU g++ 4.8.1, std=201103L, MinGW Runtime 3.20, 32-bit, DEBUG
Started:	Sep 25 2023 19:27:12

Run file:	E:\Project\main.exe
Directory:	E:\Project

--------------------------------------------------

--------------------------------------------------
TXLib предупреждает:

Программа: E:\Project\main.exe,

ВНЕЗАПНО: Нарушение доступа к памяти.

#1: Исключение EXCEPTION_ACCESS_VIOLATION (0xC0000005) при выполнении кода по адресу 0x0044B3BF в функции drawPictures() в файле c:/codeblocks/codeblocks/mingw/include/c++/4.8.1/debug/functions.h на строке 45. Попытка прочесть данные по адресу 0x00879010 в модуле E:\Project\main.exe. Спасибо _txVectoredExceptionHandler(), что сообщил. Люблю его <3

#1: TXLib [Ver: 00173a, Rev: 171, Date: 2022-07-23 02:08:28 +0400], Instance: 0x005062FC (32-bit), Flags: CMdRE0, Thread: 0x1C64 (Main), GetLastError(): 87 (Параметр задан неверно). 

--------------------------------------------------
Стек вызовов:

# 0 0x0044B3BF in E:\Project\main.exe: drawPictures() at c:/codeblocks/codeblocks/mingw/include/c++/4.8.1/debug/functions.h (45):

     43:   // An arbitrary iterator pointer is not singular.
     44:   inline bool
=>   45:   __check_singular_aux(const void*) { return false; }
     46: 
     47:   // We may have an iterator that derives from _Safe_iterator_base but isn't

# 1 0x0042C3F0 in E:\Project\main.exe: main() at E:/Project/main.cpp (101):

     99:         for(int i=0; 1<count_pic; i++)
    100:         {
=>  101:             menuPic[i].drawPictures();
    102:         }
    103:         //рисование картинок на поле

--------------------------------------------------
Стек вызовов TX:

# 0 in void Picture::drawPictures() at E:\Project\main.cpp (41):

     39:        if(visible)
     40:         {
=>   41:             Win32::TransparentBlt (txDC(), x, y, w_scr, h_scr, pic, 0, 0, w, h, TX_WHITE);
     42:         }
     43:     }

--------------------------------------------------
Developed with:

The Dumb Artist Library (TX Library)
TXLib [Ver: 00173a, Rev: 171, Date: 2022-07-23 02:08:28 +0400]
Copyright (C) Ded (Ilya Dedinsky, http://txlib.ru) <mail@txlib.ru>
See license on: http://txlib.ru

TXLib file:	c:\codeblocks\codeblocks\mingw\include\txlib.h
Compiled:	Sep 29 2023 19:33:01, GNU g++ 4.8.1, std=201103L, MinGW Runtime 3.20, 32-bit, DEBUG
Started:	Sep 29 2023 19:33:30

Run file:	E:\Project\main.exe
Directory:	E:\Project

--------------------------------------------------

--------------------------------------------------
TXLib соболезнует...

Программа: E:\Project\main.exe,

ВНЕЗАПНО: signal (11, 0x00): SIGSEGV: Доступ по неверному указателю. Ставьте ассерты! 

Нарушение доступа к памяти.

#1: Исключение EXCEPTION_ACCESS_VIOLATION (0xC0000005) при выполнении кода по адресу 0x0044B3BF в функции drawPictures() в файле c:/codeblocks/codeblocks/mingw/include/c++/4.8.1/debug/functions.h на строке 45. Попытка прочесть данные по адресу 0x00879010 в модуле E:\Project\main.exe. Спасибо _txVectoredExceptionHandler(), что сообщил. Люблю его <3

С помощью функции signal() вы можете сами обработать эту ошибку.

#2: TXLib [Ver: 00173a, Rev: 171, Date: 2022-07-23 02:08:28 +0400], Instance: 0x005062FC (32-bit), Flags: CMdRE0, Thread: 0x1C64 (Main), GetLastError(): 87 (Параметр задан неверно). 

--------------------------------------------------
Стек вызовов:

# 0 0x0044B3BF in E:\Project\main.exe: drawPictures() at c:/codeblocks/codeblocks/mingw/include/c++/4.8.1/debug/functions.h (45):

     43:   // An arbitrary iterator pointer is not singular.
     44:   inline bool
=>   45:   __check_singular_aux(const void*) { return false; }
     46: 
     47:   // We may have an iterator that derives from _Safe_iterator_base but isn't

# 1 0x0042C3F0 in E:\Project\main.exe: main() at E:/Project/main.cpp (101):

     99:         for(int i=0; 1<count_pic; i++)
    100:         {
=>  101:             menuPic[i].drawPictures();
    102:         }
    103:         //рисование картинок на поле

--------------------------------------------------
Стек вызовов TX:

# 0 in void Picture::drawPictures() at E:\Project\main.cpp (41):

     39:        if(visible)
     40:         {
=>   41:             Win32::TransparentBlt (txDC(), x, y, w_scr, h_scr, pic, 0, 0, w, h, TX_WHITE);
     42:         }
     43:     }

--------------------------------------------------
Developed with:

The Dumb Artist Library (TX Library)
TXLib [Ver: 00173a, Rev: 171, Date: 2022-07-23 02:08:28 +0400]
Copyright (C) Ded (Ilya Dedinsky, http://txlib.ru) <mail@txlib.ru>
See license on: http://txlib.ru

TXLib file:	c:\codeblocks\codeblocks\mingw\include\txlib.h
Compiled:	Sep 29 2023 19:33:01, GNU g++ 4.8.1, std=201103L, MinGW Runtime 3.20, 32-bit, DEBUG
Started:	Sep 29 2023 19:33:30

Run file:	E:\Project\main.exe
Directory:	E:\Project

--------------------------------------------------

--------------------------------------------------
TXLib предупреждает:

Программа: E:\Project\main.exe,

ВНЕЗАПНО: Нарушение доступа к памяти.

#1: Исключение EXCEPTION_ACCESS_VIOLATION (0xC0000005) при выполнении кода по адресу 0x0044B33F в функции drawPictures() в файле c:/codeblocks/codeblocks/mingw/include/c++/4.8.1/debug/functions.h на строке 45. Попытка прочесть данные по адресу 0x007B0010 в модуле E:\Project\main.exe. Спасибо _txVectoredExceptionHandler(), что сообщил. Люблю его <3

#1: TXLib [Ver: 00173a, Rev: 171, Date: 2022-07-23 02:08:28 +0400], Instance: 0x005062FC (32-bit), Flags: CMdRE0, Thread: 0x634 (Main), GetLastError(): 87 (Параметр задан неверно). 

--------------------------------------------------
Стек вызовов:

# 0 0x0044B33F in E:\Project\main.exe: drawPictures() at c:/codeblocks/codeblocks/mingw/include/c++/4.8.1/debug/functions.h (45):

     43:   // An arbitrary iterator pointer is not singular.
     44:   inline bool
=>   45:   __check_singular_aux(const void*) { return false; }
     46: 
     47:   // We may have an iterator that derives from _Safe_iterator_base but isn't

# 1 0x0042C37C in E:\Project\main.exe: main() at E:/Project/main.cpp (101):

     99:         for(int i=0; 1<count_pic; i++)
    100:         {
=>  101:             menuPic[i].drawPictures();
    102:         }
    103:         //рисование картинок на поле

--------------------------------------------------
Стек вызовов TX:

# 0 in void Picture::drawPictures() at E:\Project\main.cpp (41):

     39:        if(visible)
     40:         {
=>   41:             Win32::TransparentBlt (txDC(), x, y, w_scr, h_scr, pic, 0, 0, w, h, TX_WHITE);
     42:         }
     43:     }

--------------------------------------------------
Developed with:

The Dumb Artist Library (TX Library)
TXLib [Ver: 00173a, Rev: 171, Date: 2022-07-23 02:08:28 +0400]
Copyright (C) Ded (Ilya Dedinsky, http://txlib.ru) <mail@txlib.ru>
See license on: http://txlib.ru

TXLib file:	c:\codeblocks\codeblocks\mingw\include\txlib.h
Compiled:	Sep 29 2023 19:53:05, GNU g++ 4.8.1, std=201103L, MinGW Runtime 3.20, 32-bit, DEBUG
Started:	Sep 29 2023 19:53:34

Run file:	E:\Project\main.exe
Directory:	E:\Project

--------------------------------------------------

--------------------------------------------------
TXLib соболезнует...

Программа: E:\Project\main.exe,

ВНЕЗАПНО: signal (11, 0x00): SIGSEGV: Доступ по неверному указателю. Ставьте ассерты! 

Нарушение доступа к памяти.

#1: Исключение EXCEPTION_ACCESS_VIOLATION (0xC0000005) при выполнении кода по адресу 0x0044B33F в функции drawPictures() в файле c:/codeblocks/codeblocks/mingw/include/c++/4.8.1/debug/functions.h на строке 45. Попытка прочесть данные по адресу 0x007B0010 в модуле E:\Project\main.exe. Спасибо _txVectoredExceptionHandler(), что сообщил. Люблю его <3

С помощью функции signal() вы можете сами обработать эту ошибку.

#2: TXLib [Ver: 00173a, Rev: 171, Date: 2022-07-23 02:08:28 +0400], Instance: 0x005062FC (32-bit), Flags: CMdRE0, Thread: 0x634 (Main), GetLastError(): 87 (Параметр задан неверно). 

--------------------------------------------------
Стек вызовов:

# 0 0x0044B33F in E:\Project\main.exe: drawPictures() at c:/codeblocks/codeblocks/mingw/include/c++/4.8.1/debug/functions.h (45):

     43:   // An arbitrary iterator pointer is not singular.
     44:   inline bool
=>   45:   __check_singular_aux(const void*) { return false; }
     46: 
     47:   // We may have an iterator that derives from _Safe_iterator_base but isn't

# 1 0x0042C37C in E:\Project\main.exe: main() at E:/Project/main.cpp (101):

     99:         for(int i=0; 1<count_pic; i++)
    100:         {
=>  101:             menuPic[i].drawPictures();
    102:         }
    103:         //рисование картинок на поле

--------------------------------------------------
Стек вызовов TX:

# 0 in void Picture::drawPictures() at E:\Project\main.cpp (41):

     39:        if(visible)
     40:         {
=>   41:             Win32::TransparentBlt (txDC(), x, y, w_scr, h_scr, pic, 0, 0, w, h, TX_WHITE);
     42:         }
     43:     }

--------------------------------------------------
Developed with:

The Dumb Artist Library (TX Library)
TXLib [Ver: 00173a, Rev: 171, Date: 2022-07-23 02:08:28 +0400]
Copyright (C) Ded (Ilya Dedinsky, http://txlib.ru) <mail@txlib.ru>
See license on: http://txlib.ru

TXLib file:	c:\codeblocks\codeblocks\mingw\include\txlib.h
Compiled:	Sep 29 2023 19:53:05, GNU g++ 4.8.1, std=201103L, MinGW Runtime 3.20, 32-bit, DEBUG
Started:	Sep 29 2023 19:53:33

Run file:	E:\Project\main.exe
Directory:	E:\Project

--------------------------------------------------

--------------------------------------------------
TXLib предупреждает:

Программа: E:\Project\main.exe,

ВНЕЗАПНО: Нарушение доступа к памяти.

#1: Исключение EXCEPTION_ACCESS_VIOLATION (0xC0000005) при выполнении кода по адресу 0x0044B33F в функции drawPictures() в файле c:/codeblocks/codeblocks/mingw/include/c++/4.8.1/debug/functions.h на строке 45. Попытка прочесть данные по адресу 0x007B0010 в модуле E:\Project\main.exe. Спасибо _txVectoredExceptionHandler(), что сообщил. Люблю его <3

#1: TXLib [Ver: 00173a, Rev: 171, Date: 2022-07-23 02:08:28 +0400], Instance: 0x005062FC (32-bit), Flags: CMdRE0, Thread: 0xA74 (Main), GetLastError(): 87 (Параметр задан неверно). 

--------------------------------------------------
Стек вызовов:

# 0 0x0044B33F in E:\Project\main.exe: drawPictures() at c:/codeblocks/codeblocks/mingw/include/c++/4.8.1/debug/functions.h (45):

     43:   // An arbitrary iterator pointer is not singular.
     44:   inline bool
=>   45:   __check_singular_aux(const void*) { return false; }
     46: 
     47:   // We may have an iterator that derives from _Safe_iterator_base but isn't

# 1 0x0042C37C in E:\Project\main.exe: main() at E:/Project/main.cpp (101):

     99:         for(int i=0; 1<count_pic; i++)
    100:         {
=>  101:             menuPic[i].drawPictures();
    102:         }
    103:         //рисование картинок на поле

--------------------------------------------------
Стек вызовов TX:

# 0 in void Picture::drawPictures() at E:\Project\main.cpp (41):

     39:        if(visible)
     40:         {
=>   41:             Win32::TransparentBlt (txDC(), x, y, w_scr, h_scr, pic, 0, 0, w, h, TX_WHITE);
     42:         }
     43:     }

--------------------------------------------------
Developed with:

The Dumb Artist Library (TX Library)
TXLib [Ver: 00173a, Rev: 171, Date: 2022-07-23 02:08:28 +0400]
Copyright (C) Ded (Ilya Dedinsky, http://txlib.ru) <mail@txlib.ru>
See license on: http://txlib.ru

TXLib file:	c:\codeblocks\codeblocks\mingw\include\txlib.h
Compiled:	Sep 29 2023 19:53:05, GNU g++ 4.8.1, std=201103L, MinGW Runtime 3.20, 32-bit, DEBUG
Started:	Sep 29 2023 19:55:32

Run file:	E:\Project\main.exe
Directory:	E:\Project

--------------------------------------------------

--------------------------------------------------
TXLib соболезнует...

Программа: E:\Project\main.exe,

ВНЕЗАПНО: signal (11, 0x00): SIGSEGV: Доступ по неверному указателю. Ставьте ассерты! 

Нарушение доступа к памяти.

#1: Исключение EXCEPTION_ACCESS_VIOLATION (0xC0000005) при выполнении кода по адресу 0x0044B33F в функции drawPictures() в файле c:/codeblocks/codeblocks/mingw/include/c++/4.8.1/debug/functions.h на строке 45. Попытка прочесть данные по адресу 0x007B0010 в модуле E:\Project\main.exe. Спасибо _txVectoredExceptionHandler(), что сообщил. Люблю его <3

С помощью функции signal() вы можете сами обработать эту ошибку.

#2: TXLib [Ver: 00173a, Rev: 171, Date: 2022-07-23 02:08:28 +0400], Instance: 0x005062FC (32-bit), Flags: CMdRE0, Thread: 0xA74 (Main), GetLastError(): 87 (Параметр задан неверно). 

--------------------------------------------------
Стек вызовов:

# 0 0x0044B33F in E:\Project\main.exe: drawPictures() at c:/codeblocks/codeblocks/mingw/include/c++/4.8.1/debug/functions.h (45):

     43:   // An arbitrary iterator pointer is not singular.
     44:   inline bool
=>   45:   __check_singular_aux(const void*) { return false; }
     46: 
     47:   // We may have an iterator that derives from _Safe_iterator_base but isn't

# 1 0x0042C37C in E:\Project\main.exe: main() at E:/Project/main.cpp (101):

     99:         for(int i=0; 1<count_pic; i++)
    100:         {
=>  101:             menuPic[i].drawPictures();
    102:         }
    103:         //рисование картинок на поле

--------------------------------------------------
Стек вызовов TX:

# 0 in void Picture::drawPictures() at E:\Project\main.cpp (41):

     39:        if(visible)
     40:         {
=>   41:             Win32::TransparentBlt (txDC(), x, y, w_scr, h_scr, pic, 0, 0, w, h, TX_WHITE);
     42:         }
     43:     }

--------------------------------------------------
Developed with:

The Dumb Artist Library (TX Library)
TXLib [Ver: 00173a, Rev: 171, Date: 2022-07-23 02:08:28 +0400]
Copyright (C) Ded (Ilya Dedinsky, http://txlib.ru) <mail@txlib.ru>
See license on: http://txlib.ru

TXLib file:	c:\codeblocks\codeblocks\mingw\include\txlib.h
Compiled:	Sep 29 2023 19:53:05, GNU g++ 4.8.1, std=201103L, MinGW Runtime 3.20, 32-bit, DEBUG
Started:	Sep 29 2023 19:55:31

Run file:	E:\Project\main.exe
Directory:	E:\Project

--------------------------------------------------

--------------------------------------------------
TXLib предупреждает:

Программа: E:\Project\main.exe,

ВНЕЗАПНО: Нарушение доступа к памяти.

#1: Исключение EXCEPTION_ACCESS_VIOLATION (0xC0000005) при выполнении кода по адресу 0x0044B1EF в функции drawPictures() в файле c:/codeblocks/codeblocks/mingw/include/c++/4.8.1/debug/functions.h на строке 45. Попытка прочесть данные по адресу 0x007B0010 в модуле E:\Project\main.exe. Спасибо _txVectoredExceptionHandler(), что сообщил. Люблю его <3

#1: TXLib [Ver: 00173a, Rev: 171, Date: 2022-07-23 02:08:28 +0400], Instance: 0x005042FC (32-bit), Flags: CMdRE0, Thread: 0x1020 (Main), GetLastError(): 87 (Параметр задан неверно). 

--------------------------------------------------
Стек вызовов:

# 0 0x0044B1EF in E:\Project\main.exe: drawPictures() at c:/codeblocks/codeblocks/mingw/include/c++/4.8.1/debug/functions.h (45):

     43:   // An arbitrary iterator pointer is not singular.
     44:   inline bool
=>   45:   __check_singular_aux(const void*) { return false; }
     46: 
     47:   // We may have an iterator that derives from _Safe_iterator_base but isn't

# 1 0x0042C2FD in E:\Project\main.exe: main() at E:/Project/main.cpp (101):

     99:         for(int i=0; 1<2; i++)
    100:         {
=>  101:             menuPic[i].drawPictures();
    102:         }
    103:         //рисование картинок на поле

--------------------------------------------------
Стек вызовов TX:

# 0 in void Picture::drawPictures() at E:\Project\main.cpp (41):

     39:        if(visible)
     40:         {
=>   41:             Win32::TransparentBlt (txDC(), x, y, w_scr, h_scr, pic, 0, 0, w, h, TX_WHITE);
     42:         }
     43:     }

--------------------------------------------------
Developed with:

The Dumb Artist Library (TX Library)
TXLib [Ver: 00173a, Rev: 171, Date: 2022-07-23 02:08:28 +0400]
Copyright (C) Ded (Ilya Dedinsky, http://txlib.ru) <mail@txlib.ru>
See license on: http://txlib.ru

TXLib file:	c:\codeblocks\codeblocks\mingw\include\txlib.h
Compiled:	Sep 29 2023 19:56:36, GNU g++ 4.8.1, std=201103L, MinGW Runtime 3.20, 32-bit, DEBUG
Started:	Sep 29 2023 19:57:00

Run file:	E:\Project\main.exe
Directory:	E:\Project

--------------------------------------------------

--------------------------------------------------
TXLib соболезнует...

Программа: E:\Project\main.exe,

ВНЕЗАПНО: signal (11, 0x00): SIGSEGV: Доступ по неверному указателю. Ставьте ассерты! 

Нарушение доступа к памяти.

#1: Исключение EXCEPTION_ACCESS_VIOLATION (0xC0000005) при выполнении кода по адресу 0x0044B1EF в функции drawPictures() в файле c:/codeblocks/codeblocks/mingw/include/c++/4.8.1/debug/functions.h на строке 45. Попытка прочесть данные по адресу 0x007B0010 в модуле E:\Project\main.exe. Спасибо _txVectoredExceptionHandler(), что сообщил. Люблю его <3

С помощью функции signal() вы можете сами обработать эту ошибку.

#2: TXLib [Ver: 00173a, Rev: 171, Date: 2022-07-23 02:08:28 +0400], Instance: 0x005042FC (32-bit), Flags: CMdRE0, Thread: 0x1020 (Main), GetLastError(): 87 (Параметр задан неверно). 

--------------------------------------------------
Стек вызовов:

# 0 0x0044B1EF in E:\Project\main.exe: drawPictures() at c:/codeblocks/codeblocks/mingw/include/c++/4.8.1/debug/functions.h (45):

     43:   // An arbitrary iterator pointer is not singular.
     44:   inline bool
=>   45:   __check_singular_aux(const void*) { return false; }
     46: 
     47:   // We may have an iterator that derives from _Safe_iterator_base but isn't

# 1 0x0042C2FD in E:\Project\main.exe: main() at E:/Project/main.cpp (101):

     99:         for(int i=0; 1<2; i++)
    100:         {
=>  101:             menuPic[i].drawPictures();
    102:         }
    103:         //рисование картинок на поле

--------------------------------------------------
Стек вызовов TX:

# 0 in void Picture::drawPictures() at E:\Project\main.cpp (41):

     39:        if(visible)
     40:         {
=>   41:             Win32::TransparentBlt (txDC(), x, y, w_scr, h_scr, pic, 0, 0, w, h, TX_WHITE);
     42:         }
     43:     }

--------------------------------------------------
Developed with:

The Dumb Artist Library (TX Library)
TXLib [Ver: 00173a, Rev: 171, Date: 2022-07-23 02:08:28 +0400]
Copyright (C) Ded (Ilya Dedinsky, http://txlib.ru) <mail@txlib.ru>
See license on: http://txlib.ru

TXLib file:	c:\codeblocks\codeblocks\mingw\include\txlib.h
Compiled:	Sep 29 2023 19:56:36, GNU g++ 4.8.1, std=201103L, MinGW Runtime 3.20, 32-bit, DEBUG
Started:	Sep 29 2023 19:57:00

Run file:	E:\Project\main.exe
Directory:	E:\Project

--------------------------------------------------

--------------------------------------------------
TXLib предупреждает:

Программа: E:\Project\main.exe,

ВНЕЗАПНО: Нарушение доступа к памяти.

#1: Исключение EXCEPTION_ACCESS_VIOLATION (0xC0000005) при выполнении кода по адресу 0x00401433 в функции __exchange_and_add() в файле c:/codeblocks/codeblocks/mingw/include/c++/4.8.1/ext/atomicity.h на строке 47. Попытка записать данные по адресу 0x004CD79A в модуле E:\Project\main.exe. Спасибо _txVectoredExceptionHandler(), что сообщил. Люблю его <3

#1: TXLib [Ver: 00173a, Rev: 171, Date: 2022-07-23 02:08:28 +0400], Instance: 0x005082FC (32-bit), Flags: CMdRE0, Thread: 0x3E94 (Main). 

--------------------------------------------------
Стек вызовов:

# 0 0x00401433 in E:\Project\main.exe: __exchange_and_add() at c:/codeblocks/codeblocks/mingw/include/c++/4.8.1/ext/atomicity.h (47):

     45:   static inline _Atomic_word 
     46:   __exchange_and_add(volatile _Atomic_word* __mem, int __val)
=>   47:   { return __atomic_fetch_add(__mem, __val, __ATOMIC_ACQ_REL); }
     48: 
     49:   static inline void

# 1 0x004014A5 in E:\Project\main.exe: __exchange_and_add_dispatch() at c:/codeblocks/codeblocks/mingw/include/c++/4.8.1/ext/atomicity.h (80):

     78: #ifdef __GTHREADS
     79:     if (__gthread_active_p())
=>   80:       return __exchange_and_add(__mem, __val);
     81:     else
     82:       return __exchange_and_add_single(__mem, __val);

# 2 0x00480A9A in E:\Project\main.exe: _M_dispose() at c:/codeblocks/codeblocks/mingw/include/c++/4.8.1/debug/functions.h (45):

     43:   // An arbitrary iterator pointer is not singular.
     44:   inline bool
=>   45:   __check_singular_aux(const void*) { return false; }
     46: 
     47:   // We may have an iterator that derives from _Safe_iterator_base but isn't

# 3 0x00488993 in E:\Project\main.exe at c:/codeblocks/codeblocks/mingw/include/c++/4.8.1/debug/functions.h (45):

     43:   // An arbitrary iterator pointer is not singular.
     44:   inline bool
=>   45:   __check_singular_aux(const void*) { return false; }
     46: 
     47:   // We may have an iterator that derives from _Safe_iterator_base but isn't

# 4 0x0044C7D6 in E:\Project\main.exe at c:/codeblocks/codeblocks/mingw/include/c++/4.8.1/debug/functions.h (45):

     43:   // An arbitrary iterator pointer is not singular.
     44:   inline bool
=>   45:   __check_singular_aux(const void*) { return false; }
     46: 
     47:   // We may have an iterator that derives from _Safe_iterator_base but isn't

# 5 0x0042C63C in E:\Project\main.exe: main() at E:/Project/main.cpp (89):

     87:     menuPic[2] = {10, 100, txLoadImage("Pic/Растительность/brov.bmp"), 150, 150, 500, 500, false, "растительность"};
     88:     menuPic[3] = {10, 300, txLoadImage("Pic/Растительность/usi.bmp"), 150, 150, 500, 500, false, "растительность"};
=>   89:     menuPic[4] = {10, 100, txLoadImage("Pic/персонажи/Ryan.bmp"), 150, 150, 500, 500, false, "персонажи"};
     90: 
     91: 

--------------------------------------------------
Стек вызовов TX:

# 0 in int main() at E:\Project\main.cpp (89):

     87:     menuPic[2] = {10, 100, txLoadImage("Pic/Растительность/brov.bmp"), 150, 150, 500, 500, false, "растительность"};
     88:     menuPic[3] = {10, 300, txLoadImage("Pic/Растительность/usi.bmp"), 150, 150, 500, 500, false, "растительность"};
=>   89:     menuPic[4] = {10, 100, txLoadImage("Pic/персонажи/Ryan.bmp"), 150, 150, 500, 500, false, "персонажи"};
     90: 
     91: 

--------------------------------------------------
Developed with:

The Dumb Artist Library (TX Library)
TXLib [Ver: 00173a, Rev: 171, Date: 2022-07-23 02:08:28 +0400]
Copyright (C) Ded (Ilya Dedinsky, http://txlib.ru) <mail@txlib.ru>
See license on: http://txlib.ru

TXLib file:	c:\codeblocks\codeblocks\mingw\include\txlib.h
Compiled:	Oct  9 2023 19:07:03, GNU g++ 4.8.1, std=201103L, MinGW Runtime 3.20, 32-bit, DEBUG
Started:	Oct 09 2023 19:07:32

Run file:	E:\Project\main.exe
Directory:	E:\Project

--------------------------------------------------

--------------------------------------------------
TXLib соболезнует...

Программа: E:\Project\main.exe,

ВНЕЗАПНО: signal (11, 0x00): SIGSEGV: Доступ по неверному указателю. Ставьте ассерты! 

Нарушение доступа к памяти.

#1: Исключение EXCEPTION_ACCESS_VIOLATION (0xC0000005) при выполнении кода по адресу 0x00401433 в функции __exchange_and_add() в файле c:/codeblocks/codeblocks/mingw/include/c++/4.8.1/ext/atomicity.h на строке 47. Попытка записать данные по адресу 0x004CD79A в модуле E:\Project\main.exe. Спасибо _txVectoredExceptionHandler(), что сообщил. Люблю его <3

С помощью функции signal() вы можете сами обработать эту ошибку.

#2: TXLib [Ver: 00173a, Rev: 171, Date: 2022-07-23 02:08:28 +0400], Instance: 0x005082FC (32-bit), Flags: CMdRE0, Thread: 0x3E94 (Main). 

--------------------------------------------------
Стек вызовов:

# 0 0x00401433 in E:\Project\main.exe: __exchange_and_add() at c:/codeblocks/codeblocks/mingw/include/c++/4.8.1/ext/atomicity.h (47):

     45:   static inline _Atomic_word 
     46:   __exchange_and_add(volatile _Atomic_word* __mem, int __val)
=>   47:   { return __atomic_fetch_add(__mem, __val, __ATOMIC_ACQ_REL); }
     48: 
     49:   static inline void

# 1 0x004014A5 in E:\Project\main.exe: __exchange_and_add_dispatch() at c:/codeblocks/codeblocks/mingw/include/c++/4.8.1/ext/atomicity.h (80):

     78: #ifdef __GTHREADS
     79:     if (__gthread_active_p())
=>   80:       return __exchange_and_add(__mem, __val);
     81:     else
     82:       return __exchange_and_add_single(__mem, __val);

# 2 0x00480A9A in E:\Project\main.exe: _M_dispose() at c:/codeblocks/codeblocks/mingw/include/c++/4.8.1/debug/functions.h (45):

     43:   // An arbitrary iterator pointer is not singular.
     44:   inline bool
=>   45:   __check_singular_aux(const void*) { return false; }
     46: 
     47:   // We may have an iterator that derives from _Safe_iterator_base but isn't

# 3 0x00488993 in E:\Project\main.exe at c:/codeblocks/codeblocks/mingw/include/c++/4.8.1/debug/functions.h (45):

     43:   // An arbitrary iterator pointer is not singular.
     44:   inline bool
=>   45:   __check_singular_aux(const void*) { return false; }
     46: 
     47:   // We may have an iterator that derives from _Safe_iterator_base but isn't

# 4 0x0044C7D6 in E:\Project\main.exe at c:/codeblocks/codeblocks/mingw/include/c++/4.8.1/debug/functions.h (45):

     43:   // An arbitrary iterator pointer is not singular.
     44:   inline bool
=>   45:   __check_singular_aux(const void*) { return false; }
     46: 
     47:   // We may have an iterator that derives from _Safe_iterator_base but isn't

# 5 0x0042C63C in E:\Project\main.exe: main() at E:/Project/main.cpp (89):

     87:     menuPic[2] = {10, 100, txLoadImage("Pic/Растительность/brov.bmp"), 150, 150, 500, 500, false, "растительность"};
     88:     menuPic[3] = {10, 300, txLoadImage("Pic/Растительность/usi.bmp"), 150, 150, 500, 500, false, "растительность"};
=>   89:     menuPic[4] = {10, 100, txLoadImage("Pic/персонажи/Ryan.bmp"), 150, 150, 500, 500, false, "персонажи"};
     90: 
     91: 

--------------------------------------------------
Стек вызовов TX:

# 0 in int main() at E:\Project\main.cpp (89):

     87:     menuPic[2] = {10, 100, txLoadImage("Pic/Растительность/brov.bmp"), 150, 150, 500, 500, false, "растительность"};
     88:     menuPic[3] = {10, 300, txLoadImage("Pic/Растительность/usi.bmp"), 150, 150, 500, 500, false, "растительность"};
=>   89:     menuPic[4] = {10, 100, txLoadImage("Pic/персонажи/Ryan.bmp"), 150, 150, 500, 500, false, "персонажи"};
     90: 
     91: 

--------------------------------------------------
Developed with:

The Dumb Artist Library (TX Library)
TXLib [Ver: 00173a, Rev: 171, Date: 2022-07-23 02:08:28 +0400]
Copyright (C) Ded (Ilya Dedinsky, http://txlib.ru) <mail@txlib.ru>
See license on: http://txlib.ru

TXLib file:	c:\codeblocks\codeblocks\mingw\include\txlib.h
Compiled:	Oct  9 2023 19:07:03, GNU g++ 4.8.1, std=201103L, MinGW Runtime 3.20, 32-bit, DEBUG
Started:	Oct 09 2023 19:07:33

Run file:	E:\Project\main.exe
Directory:	E:\Project

--------------------------------------------------

--------------------------------------------------
TXLib соболезнует...

Программа: E:\Project\main.exe, файл: c:\codeblocks\codeblocks\mingw\include\txlib.h, строка: 10851, функция: bool {anonymous}::TX::_txBuffer_Delete(HDC__**),

Сообщение: Параметр "*dc" неверен. Возможно, этот холст не создан, или уже уничтожен, или не загрузилась картинка.

#1: TXLib [Ver: 00173a, Rev: 171, Date: 2022-07-23 02:08:28 +0400], Instance: 0x005082FC (32-bit), Flags: CMdRE0, Thread: 0x2BB0 (Main), GetLastError(): 13 (Недопустимые данные). 

--------------------------------------------------
Стек вызовов:

# 0 0x0041075E in E:\Project\main.exe: _txBuffer_Delete() at c:/codeblocks/codeblocks/mingw/include/txlib.h (10851)
# 1 0x00421DB7 in E:\Project\main.exe: txDeleteDC() at c:/codeblocks/codeblocks/mingw/include/txlib.h (13597)
# 2 0x00422027 in E:\Project\main.exe: txDeleteDC() at c:/codeblocks/codeblocks/mingw/include/txlib.h (13619)

# 3 0x0042D70E in E:\Project\main.exe: main() at E:/Project/main.cpp (253):

    251:     for(int i=0; i<count_pic; i++)
    252:  {
=>  253:         txDeleteDC (centrPic[i].pic);
    254:  }
    255: 

--------------------------------------------------
Стек вызовов TX:

# 0 in bool {anonymous}::TX::_txBuffer_Delete(HDC__**) at c:\codeblocks\codeblocks\mingw\include\txlib.h (10851):

  10849: $1  if (_TX_ARGUMENT_FAILED (dc)) return false;
  10850: $   if (                   !*dc)  return false;
=>10851: $   if (_TX_HDC_FAILED     (*dc)) return false;
  10852: 
  10853: $   if (!Win32::GetObjectType (Win32::GetCurrentObject (*dc, OBJ_BITMAP))) return false;

# 1 in bool {anonymous}::TX::txDeleteDC(HDC__**) at c:\codeblocks\codeblocks\mingw\include\txlib.h (13597):

  13595: 
  13596: $   HDC  dc = *pdc;
=>13597: $   bool ok = _txBuffer_Delete (pdc);
  13598: $   if (!ok) return false;
  13599: 

# 2 in bool {anonymous}::TX::txDeleteDC(HDC) at c:\codeblocks\codeblocks\mingw\include\txlib.h (13619):

  13617: bool txDeleteDC (HDC dc)
  13618:     {
=>13619: $1  return txDeleteDC (&dc);
  13620:     }
  13621: 

# 3 in int main() at E:\Project\main.cpp (253):

    251:     for(int i=0; i<count_pic; i++)
    252:  {
=>  253:         txDeleteDC (centrPic[i].pic);
    254:  }
    255: 

--------------------------------------------------
Developed with:

The Dumb Artist Library (TX Library)
TXLib [Ver: 00173a, Rev: 171, Date: 2022-07-23 02:08:28 +0400]
Copyright (C) Ded (Ilya Dedinsky, http://txlib.ru) <mail@txlib.ru>
See license on: http://txlib.ru

TXLib file:	c:\codeblocks\codeblocks\mingw\include\txlib.h
Compiled:	Oct 16 2023 19:15:00, GNU g++ 4.8.1, std=201103L, MinGW Runtime 3.20, 32-bit, DEBUG
Started:	Oct 16 2023 19:15:54

Run file:	E:\Project\main.exe
Directory:	E:\Project

--------------------------------------------------
